#
# There is insufficient memory for the Java Runtime Environment to continue.
# Native memory allocation (mmap) failed to map 266338304 bytes for G1 virtual space
# Possible reasons:
#   The system is out of physical RAM or swap space
#   The process is running with CompressedOops enabled, and the Java Heap may be blocking the growth of the native heap
# Possible solutions:
#   Reduce memory load on the system
#   Increase physical memory or swap space
#   Check if swap backing store is full
#   Decrease Java heap size (-Xmx/-Xms)
#   Decrease number of Java threads
#   Decrease Java thread stack sizes (-Xss)
#   Set larger code cache with -XX:ReservedCodeCacheSize=
#   JVM is running with Zero Based Compressed Oops mode in which the Java heap is
#     placed in the first 32GB address space. The Java Heap base address is the
#     maximum limit for the native heap growth. Please use -XX:HeapBaseMinAddress
#     to set the Java Heap base and to place the Java Heap above 32GB virtual address.
# This output file may be truncated or incomplete.
#
#  Out of Memory Error (os_windows.cpp:3747), pid=31828, tid=23984
#
# JRE version:  (17.0.3+7) (build )
# Java VM: OpenJDK 64-Bit Server VM (17.0.3+7-b469.32, mixed mode, sharing, tiered, compressed oops, compressed class ptrs, g1 gc, windows-amd64)
# No core dump will be written. Minidumps are not enabled by default on client versions of Windows
#

---------------  S U M M A R Y ------------

Command Line: git4idea.http.GitAskPassApp Username for 'https://github.com': 

Host: Intel(R) Core(TM) i7-10750H CPU @ 2.60GHz, 12 cores, 15G,  Windows 10 , 64 bit Build 19041 (10.0.19041.1889)
Time: Wed Aug 31 00:52:45 2022 West Bank Gaza Daylight Time elapsed time: 0.007951 seconds (0d 0h 0m 0s)

---------------  T H R E A D  ---------------

Current thread (0x000001e6cba716e0):  JavaThread "Unknown thread" [_thread_in_vm, id=23984, stack(0x000000b987600000,0x000000b987700000)]

Stack: [0x000000b987600000,0x000000b987700000]
Native frames: (J=compiled Java code, j=interpreted, Vv=VM code, C=native code)
V  [jvm.dll+0x681f8a]
V  [jvm.dll+0x83e374]
V  [jvm.dll+0x83fb1e]
V  [jvm.dll+0x840183]
V  [jvm.dll+0x2492a5]
V  [jvm.dll+0x67ee59]
V  [jvm.dll+0x67355a]
V  [jvm.dll+0x308fab]
V  [jvm.dll+0x310466]
V  [jvm.dll+0x3601de]
V  [jvm.dll+0x36040f]
V  [jvm.dll+0x2df098]
V  [jvm.dll+0x2e0004]
V  [jvm.dll+0x80fc61]
V  [jvm.dll+0x36df61]
V  [jvm.dll+0x7ef17c]
V  [jvm.dll+0x3f10ef]
V  [jvm.dll+0x3f2c31]
C  [jli.dll+0x526b]
C  [ucrtbase.dll+0x21bb2]
C  [KERNEL32.DLL+0x17034]
C  [ntdll.dll+0x52651]


---------------  P R O C E S S  ---------------

Threads class SMR info:
_java_thread_list=0x00007fffeece6f18, length=0, elements={
}

Java Threads: ( => current thread )

Other Threads:
  0x000001e6cbadf8f0 GCTaskThread "GC Thread#0" [stack: 0x000000b987700000,0x000000b987800000] [id=28812]
  0x000001e6cbaf0570 ConcurrentGCThread "G1 Main Marker" [stack: 0x000000b987800000,0x000000b987900000] [id=19300]
  0x000001e6cbaf0f80 ConcurrentGCThread "G1 Conc#0" [stack: 0x000000b987900000,0x000000b987a00000] [id=9456]

[error occurred during error reporting (printing all threads), id 0xc0000005, EXCEPTION_ACCESS_VIOLATION (0xc0000005) at pc=0x00007fffee49fc57]

VM state: not at safepoint (not fully initialized)

VM Mutex/Monitor currently owned by a thread:  ([mutex/lock_event])
[0x000001e6cba6d9b0] Heap_lock - owner thread: 0x000001e6cba716e0

Heap address: 0x0000000702c00000, size: 4052 MB, Compressed Oops mode: Zero based, Oop shift amount: 3

CDS archive(s) mapped at: [0x0000000000000000-0x0000000000000000-0x0000000000000000), size 0, SharedBaseAddress: 0x0000000800000000, ArchiveRelocationMode: 0.
Narrow klass base: 0x0000000000000000, Narrow klass shift: 0, Narrow klass range: 0x0

GC Precious Log:
<Empty>

Heap:
 garbage-first heap   total 0K, used 0K [0x0000000702c00000, 0x0000000800000000)
  region size 2048K, 0 young (0K), 0 survivors (0K)

[error occurred during error reporting (printing heap information), id 0xc0000005, EXCEPTION_ACCESS_VIOLATION (0xc0000005) at pc=0x00007fffee88bbd9]

GC Heap History (0 events):
No events

Deoptimization events (0 events):
No events

Classes unloaded (0 events):
No events

Classes redefined (0 events):
No events

Internal exceptions (0 events):
No events

VM Operations (0 events):
No events

Events (1 events):
Event: 0.005 Loaded shared library C:\Program Files\JetBrains\PhpStorm 2022.2\jbr\bin\java.dll


Dynamic libraries:
0x00007ff763120000 - 0x00007ff76312a000 	C:\Program Files\JetBrains\PhpStorm 2022.2\jbr\bin\java.exe
0x00007ff853b70000 - 0x00007ff853d68000 	C:\WINDOWS\SYSTEM32\ntdll.dll
0x00007ff8536b0000 - 0x00007ff85376d000 	C:\WINDOWS\System32\KERNEL32.DLL
0x00007ff8515b0000 - 0x00007ff85187e000 	C:\WINDOWS\System32\KERNELBASE.dll
0x00007ff8514b0000 - 0x00007ff8515b0000 	C:\WINDOWS\System32\ucrtbase.dll
0x00007ff827150000 - 0x00007ff82716b000 	C:\Program Files\JetBrains\PhpStorm 2022.2\jbr\bin\VCRUNTIME140.dll
0x00007ff8287d0000 - 0x00007ff8287e7000 	C:\Program Files\JetBrains\PhpStorm 2022.2\jbr\bin\jli.dll
0x00007ff8530a0000 - 0x00007ff853240000 	C:\WINDOWS\System32\USER32.dll
0x00007ff851480000 - 0x00007ff8514a2000 	C:\WINDOWS\System32\win32u.dll
0x00007ff852750000 - 0x00007ff85277a000 	C:\WINDOWS\System32\GDI32.dll
0x00007ff82d590000 - 0x00007ff82d82a000 	C:\WINDOWS\WinSxS\amd64_microsoft.windows.common-controls_6595b64144ccf1df_6.0.19041.1110_none_60b5254171f9507e\COMCTL32.dll
0x00007ff851370000 - 0x00007ff85147b000 	C:\WINDOWS\System32\gdi32full.dll
0x00007ff853960000 - 0x00007ff8539fe000 	C:\WINDOWS\System32\msvcrt.dll
0x00007ff851ae0000 - 0x00007ff851b7d000 	C:\WINDOWS\System32\msvcp_win.dll
0x00007ff851e70000 - 0x00007ff851ea0000 	C:\WINDOWS\System32\IMM32.DLL
0x00007ff83bb80000 - 0x00007ff83bb8c000 	C:\Program Files\JetBrains\PhpStorm 2022.2\jbr\bin\vcruntime140_1.dll
0x00007ff821250000 - 0x00007ff8212dd000 	C:\Program Files\JetBrains\PhpStorm 2022.2\jbr\bin\msvcp140.dll
0x00007fffee1b0000 - 0x00007fffeee18000 	C:\Program Files\JetBrains\PhpStorm 2022.2\jbr\bin\server\jvm.dll
0x00007ff851ea0000 - 0x00007ff851f4e000 	C:\WINDOWS\System32\ADVAPI32.dll
0x00007ff852600000 - 0x00007ff85269c000 	C:\WINDOWS\System32\sechost.dll
0x00007ff851d40000 - 0x00007ff851e65000 	C:\WINDOWS\System32\RPCRT4.dll
0x00007ff852790000 - 0x00007ff852798000 	C:\WINDOWS\System32\PSAPI.DLL
0x00007ff83e9b0000 - 0x00007ff83e9b9000 	C:\WINDOWS\SYSTEM32\WSOCK32.dll
0x00007ff83e080000 - 0x00007ff83e0a7000 	C:\WINDOWS\SYSTEM32\WINMM.dll
0x00007ff853030000 - 0x00007ff85309b000 	C:\WINDOWS\System32\WS2_32.dll
0x00007ff850e20000 - 0x00007ff850e2a000 	C:\WINDOWS\SYSTEM32\VERSION.dll
0x00007ff84f0e0000 - 0x00007ff84f0f2000 	C:\WINDOWS\SYSTEM32\kernel.appcore.dll
0x00007ff84d090000 - 0x00007ff84d09a000 	C:\Program Files\JetBrains\PhpStorm 2022.2\jbr\bin\jimage.dll
0x00007ff84a860000 - 0x00007ff84aa44000 	C:\WINDOWS\SYSTEM32\DBGHELP.DLL
0x00007ff84a830000 - 0x00007ff84a85c000 	C:\WINDOWS\SYSTEM32\dbgcore.DLL
0x00007ff851a50000 - 0x00007ff851ad2000 	C:\WINDOWS\System32\bcryptPrimitives.dll
0x00007ff8419d0000 - 0x00007ff8419f5000 	C:\Program Files\JetBrains\PhpStorm 2022.2\jbr\bin\java.dll

dbghelp: loaded successfully - version: 4.0.5 - missing functions: none
symbol engine: initialized successfully - sym options: 0x614 - pdb path: .;C:\Program Files\JetBrains\PhpStorm 2022.2\jbr\bin;C:\WINDOWS\SYSTEM32;C:\WINDOWS\WinSxS\amd64_microsoft.windows.common-controls_6595b64144ccf1df_6.0.19041.1110_none_60b5254171f9507e;C:\Program Files\JetBrains\PhpStorm 2022.2\jbr\bin\server

VM Arguments:
java_command: git4idea.http.GitAskPassApp Username for 'https://github.com': 
java_class_path (initial): C:/Program Files/JetBrains/PhpStorm 2022.2/plugins/git4idea/lib/git4idea-rt.jar;C:/Program Files/JetBrains/PhpStorm 2022.2/lib/externalProcess-rt.jar;C:/Program Files/JetBrains/PhpStorm 2022.2/lib/app.jar;C:/Program Files/JetBrains/PhpStorm 2022.2/lib/3rd-party-rt.jar
Launcher Type: SUN_STANDARD

[Global flags]
     intx CICompilerCount                          = 4                                         {product} {ergonomic}
     uint ConcGCThreads                            = 3                                         {product} {ergonomic}
     uint G1ConcRefinementThreads                  = 10                                        {product} {ergonomic}
   size_t G1HeapRegionSize                         = 2097152                                   {product} {ergonomic}
    uintx GCDrainStackTargetSize                   = 64                                        {product} {ergonomic}
   size_t InitialHeapSize                          = 266338304                                 {product} {ergonomic}
   size_t MarkStackSize                            = 4194304                                   {product} {ergonomic}
   size_t MaxHeapSize                              = 4248829952                                {product} {ergonomic}
   size_t MinHeapDeltaBytes                        = 2097152                                   {product} {ergonomic}
   size_t MinHeapSize                              = 8388608                                   {product} {ergonomic}
    uintx NonNMethodCodeHeapSize                   = 5839372                                {pd product} {ergonomic}
    uintx NonProfiledCodeHeapSize                  = 122909434                              {pd product} {ergonomic}
    uintx ProfiledCodeHeapSize                     = 122909434                              {pd product} {ergonomic}
    uintx ReservedCodeCacheSize                    = 251658240                              {pd product} {ergonomic}
     bool SegmentedCodeCache                       = true                                      {product} {ergonomic}
   size_t SoftMaxHeapSize                          = 4248829952                             {manageable} {ergonomic}
     bool UseCompressedClassPointers               = true                           {product lp64_product} {ergonomic}
     bool UseCompressedOops                        = true                           {product lp64_product} {ergonomic}
     bool UseG1GC                                  = true                                      {product} {ergonomic}
     bool UseLargePagesIndividualAllocation        = false                                  {pd product} {ergonomic}

Logging:
Log output configuration:
 #0: stdout all=warning uptime,level,tags
 #1: stderr all=off uptime,level,tags

Environment Variables:
PATH=C:\Program Files\Git\mingw64\libexec\git-core;C:\Program Files\Git\mingw64\libexec\git-core;C:\Program Files\Git\mingw64\bin;C:\Program Files\Git\usr\bin;C:\Users\A.I.T\bin;C:\Program Files\Common Files\Oracle\Java\javapath;C:\WINDOWS\system32;C:\WINDOWS;C:\WINDOWS\System32\Wbem;C:\WINDOWS\System32\WindowsPowerShell\v1.0;C:\WINDOWS\System32\OpenSSH;C:\Program Files\Git\cmd;C:\composer;C:\Program Files\dotnet;C:\Program Files (x86)\NVIDIA Corporation\PhysX\Common;C:\Program Files\NVIDIA Corporation\NVIDIA NvDLISR;C:\Program Files\Docker\Docker\resources\bin;C:\ProgramData\DockerDesktop\version-bin;C:\Users\A.I.T\AppData\Local\Programs\Python\Python39\Scripts;C:\Users\A.I.T\AppData\Local\Programs\Python\Python39;C:\Users\A.I.T\AppData\Local\Microsoft\WindowsApps;C:\Users\A.I.T\AppData\Local\Programs\Microsoft VS Code\bin;C:\Users\A.I.T\AppData\Local\GitHubDesktop\bin;C:\xampp\php;C:\Users\A.I.T\AppData\Roaming\Composer\vendor\bin;C:\Program Files\JetBrains\PhpStorm 2022.2\bin
USERNAME=A.I.T
DISPLAY=:0.0
LC_ALL=en_US.UTF-8
OS=Windows_NT
PROCESSOR_IDENTIFIER=Intel64 Family 6 Model 165 Stepping 2, GenuineIntel



---------------  S Y S T E M  ---------------

OS:
 Windows 10 , 64 bit Build 19041 (10.0.19041.1889)
OS uptime: 2 days 21:10 hours
Hyper-V role detected

CPU: total 12 (initial active 12) (6 cores per cpu, 2 threads per core) family 6 model 165 stepping 2 microcode 0xe2, cx8, cmov, fxsr, ht, mmx, 3dnowpref, sse, sse2, sse3, ssse3, sse4.1, sse4.2, popcnt, lzcnt, tsc, tscinvbit, avx, avx2, aes, erms, clmul, bmi1, bmi2, adx, fma, vzeroupper, clflush, clflushopt, hv

Memory: 4k page, system-wide physical 16200M (1253M free)
TotalPageFile size 33979M (AvailPageFile size 241M)
current process WorkingSet (physical memory assigned to process): 10M, peak: 10M
current process commit charge ("private bytes"): 64M, peak: 318M

vm_info: OpenJDK 64-Bit Server VM (17.0.3+7-b469.32) for windows-amd64 JRE (17.0.3+7-b469.32), built on 2022-07-19 by "builduser" with MS VC++ 16.10 / 16.11 (VS2019)

END.
